###############################################################
#  Generated by:      Cadence Innovus 23.16-s070_1
#  OS:                Linux x86_64(Host ID vlsi5.localdomain)
#  Generated on:      Tue Mar 17 10:23:09 2026
#  Design:            sync_fifo
#  Command:           report_timing > ./reports/route/final_timing.rpt
###############################################################
Path 1: VIOLATED Setup Check with Pin dout_reg[13]/CK 
Endpoint:   dout_reg[13]/D (v) checked with  leading edge of 'clk'
Beginpoint: wptr_reg[2]/Q  (^) triggered by  leading edge of 'clk'
Path Groups: {clk}
Analysis View: func_ss
Other End Arrival Time          0.176
- Setup                         0.073
+ Phase Shift                   2.000
- Uncertainty                   0.100
= Required Time                 2.002
- Arrival Time                  2.034
= Slack Time                   -0.032
     Clock Rise Edge                 0.000
     + Clock Network Latency (Prop)  0.175
     = Beginpoint Arrival Time       0.175
     +-------------------------------------------------------------------------+ 
     |    Instance    |     Arc     |    Cell     | Delay | Arrival | Required | 
     |                |             |             |       |  Time   |   Time   | 
     |----------------+-------------+-------------+-------+---------+----------| 
     | wptr_reg[2]    | CK ^        |             |       |   0.175 |    0.143 | 
     | wptr_reg[2]    | CK ^ -> Q ^ | DFFRHQX1    | 0.298 |   0.473 |    0.441 | 
     | g2             | S0 ^ -> Y ^ | MXI2XLLVT   | 0.090 |   0.563 |    0.531 | 
     | g5469__5122    | C0 ^ -> Y v | OAI221X1LVT | 0.131 |   0.694 |    0.662 | 
     | g5468__2802    | B v -> Y ^  | NOR2XLLVT   | 0.157 |   0.850 |    0.819 | 
     | g5465__3680    | AN ^ -> Y ^ | NAND2BX1LVT | 0.121 |   0.971 |    0.939 | 
     | FE_OFC22_n_267 | A ^ -> Y ^  | BUFX2LVT    | 0.132 |   1.103 |    1.071 | 
     | g5464          | A ^ -> Y v  | INVX1LVT    | 0.084 |   1.188 |    1.156 | 
     | g5461__5526    | B v -> Y ^  | NAND2X1LVT  | 0.046 |   1.234 |    1.202 | 
     | g5455__1666    | B ^ -> Y ^  | OR2XLLVT    | 0.052 |   1.285 |    1.254 | 
     | g5448__7482    | B ^ -> Y v  | NOR2X1LVT   | 0.024 |   1.309 |    1.277 | 
     | FE_OFC10_n_95  | A v -> Y v  | BUFX2LVT    | 0.133 |   1.443 |    1.411 | 
     | g5389__4733    | A1 v -> Y ^ | AOI222X1LVT | 0.180 |   1.623 |    1.591 | 
     | g5269__6260    | B ^ -> Y v  | NAND2X1LVT  | 0.190 |   1.813 |    1.781 | 
     | g5120__7482    | C0 v -> Y ^ | AOI221X1LVT | 0.146 |   1.959 |    1.927 | 
     | g5078__5526    | B ^ -> Y v  | NAND2X1LVT  | 0.075 |   2.034 |    2.002 | 
     | dout_reg[13]   | D v         | DFFRHQX4HVT | 0.000 |   2.034 |    2.002 | 
     +-------------------------------------------------------------------------+ 

