
Power Net Detected:
        Voltage	    Name
             0V	    VSS
           0.9V	    VDD
Using Power View: func_ss.
Load RC corner of view func_ss

Begin Power Analysis

             0V	    VSS
           0.9V	    VDD

Begin Processing Timing Library for Power Calculation

Ended Processing Timing Library for Power Calculation: (cpu=0:00:00, real=0:00:00, mem(process/total/peak)=3259.24MB/6329.39MB/3263.81MB)



Begin Processing Power Net/Grid for Power Calculation

Ended Processing Power Net/Grid for Power Calculation: (cpu=0:00:00, real=0:00:00, mem(process/total/peak)=3259.24MB/6329.39MB/3263.81MB)

Begin Processing Timing Window Data for Power Calculation

clk(500MHz) CK: assigning clock clk to net clk
Ended Processing Timing Window Data for Power Calculation: (cpu=0:00:00, real=0:00:00, mem(process/total/peak)=3259.29MB/6329.39MB/3263.81MB)

Begin Processing User Attributes

Ended Processing User Attributes: (cpu=0:00:00, real=0:00:00, mem(process/total/peak)=3259.29MB/6329.39MB/3263.81MB)

Begin Processing Signal Activity


Starting Levelizing
2026-Mar-17 10:23:26 (2026-Mar-17 04:53:26 GMT)
2026-Mar-17 10:23:26 (2026-Mar-17 04:53:26 GMT): 10%
2026-Mar-17 10:23:26 (2026-Mar-17 04:53:26 GMT): 20%
2026-Mar-17 10:23:26 (2026-Mar-17 04:53:26 GMT): 30%
2026-Mar-17 10:23:26 (2026-Mar-17 04:53:26 GMT): 40%
2026-Mar-17 10:23:26 (2026-Mar-17 04:53:26 GMT): 50%
2026-Mar-17 10:23:26 (2026-Mar-17 04:53:26 GMT): 60%
2026-Mar-17 10:23:26 (2026-Mar-17 04:53:26 GMT): 70%
2026-Mar-17 10:23:26 (2026-Mar-17 04:53:26 GMT): 80%
2026-Mar-17 10:23:26 (2026-Mar-17 04:53:26 GMT): 90%

Finished Levelizing
2026-Mar-17 10:23:26 (2026-Mar-17 04:53:26 GMT)

Starting Activity Propagation
2026-Mar-17 10:23:26 (2026-Mar-17 04:53:26 GMT)
** INFO:  (VOLTUS_POWR-1356): No default input activity has been set. Defaulting to 0.2.
Use 'set_default_switching_activity -input_activity' command to change the default activity value.

2026-Mar-17 10:23:26 (2026-Mar-17 04:53:26 GMT): 10%
2026-Mar-17 10:23:26 (2026-Mar-17 04:53:26 GMT): 20%

Finished Activity Propagation
2026-Mar-17 10:23:26 (2026-Mar-17 04:53:26 GMT)
Ended Processing Signal Activity: (cpu=0:00:00, real=0:00:00, mem(process/total/peak)=3259.61MB/6329.39MB/3263.81MB)

Begin Power Computation

      ----------------------------------------------------------
      # of cell(s) missing both power/leakage table: 0
      # of cell(s) missing power table: 0
      # of cell(s) missing leakage table: 0
      ----------------------------------------------------------



Starting Calculating power
2026-Mar-17 10:23:26 (2026-Mar-17 04:53:26 GMT)
 ... Calculating switching power
2026-Mar-17 10:23:26 (2026-Mar-17 04:53:26 GMT): 10%
2026-Mar-17 10:23:26 (2026-Mar-17 04:53:26 GMT): 20%
2026-Mar-17 10:23:26 (2026-Mar-17 04:53:26 GMT): 30%
2026-Mar-17 10:23:26 (2026-Mar-17 04:53:26 GMT): 40%
2026-Mar-17 10:23:26 (2026-Mar-17 04:53:26 GMT): 50%
 ... Calculating internal and leakage power
2026-Mar-17 10:23:26 (2026-Mar-17 04:53:26 GMT): 60%
2026-Mar-17 10:23:26 (2026-Mar-17 04:53:26 GMT): 70%
2026-Mar-17 10:23:26 (2026-Mar-17 04:53:26 GMT): 80%
2026-Mar-17 10:23:26 (2026-Mar-17 04:53:26 GMT): 90%

Finished Calculating power
2026-Mar-17 10:23:26 (2026-Mar-17 04:53:26 GMT)
      # of MSMV cell(s) missing power_level: 0
Ended Power Computation: (cpu=0:00:00, real=0:00:00, mem(process/total/peak)=3261.43MB/6329.39MB/3263.81MB)

Begin Processing User Attributes

Begin Processing set_power
Ended Processing set_power: (cpu=0:00:00, real=0:00:00,
mem(process/total/peak)=3261.43MB/6329.39MB/3263.81MB)
Ended Processing User Attributes: (cpu=0:00:00, real=0:00:00, mem(process/total/peak)=3261.43MB/6329.39MB/3263.81MB)

Ended Power Analysis: (cpu=0:00:00, real=0:00:00, mem(process/total/peak)=3261.43MB/6329.39MB/3263.81MB)

Begin Boundary Leakage Calculation
Ended Boundary Leakage Calculation: (cpu=0:00:00, real=0:00:00,
mem(process/total/peak)=3261.55MB/6329.39MB/3263.81MB)
Begin Static Power Report Generation
*----------------------------------------------------------------------------------------
*	Innovus 23.16-s070_1 (64bit) 10/31/2025 16:29 (Linux 3.10.0-693.el7.x86_64)
*	
*
* 	Date & Time:	2026-Mar-17 10:23:26 (2026-Mar-17 04:53:26 GMT)
*
*----------------------------------------------------------------------------------------
*
*	Design: sync_fifo
*
*	Liberty Libraries used:
*	        func_ss: /home/tavakalm/FIFO/design/placement_done.dat/libs/mmmc/slow_vdd1v0_basicCells.lib
*	        func_ss: /home/tavakalm/FIFO/design/placement_done.dat/libs/mmmc/slow_vdd1v0_basicCells_hvt.lib
*	        func_ss: /home/tavakalm/FIFO/design/placement_done.dat/libs/mmmc/slow_vdd1v0_basicCells_lvt.lib
*
*	Parasitic Files used:
*
*       Power View : func_ss
*
*       User-Defined Activity : N.A.
*
*       Activity File: N.A.
*
*       Hierarchical Global Activity: N.A.
*
*       Global Activity: N.A.
*
*       Sequential Element Activity: 0.200000
*
*       Primary Input Activity: 0.200000
*
*       Default icg ratio: N.A.
*
*       Global Comb ClockGate Ratio: N.A.
*
*	Power Units = 1mW
*
*	Time Units = 1e-09 secs
*
*       report_power
*
-----------------------------------------------------------------------------------------
*



Total Power
-----------------------------------------------------------------------------------------
Total Internal Power:        0.26176659 	   74.8752%
Total Switching Power:       0.08770711 	   25.0876%
Total Leakage Power:         0.00013003 	    0.0372%
Total Power:                 0.34960372
-----------------------------------------------------------------------------------------


Group                           Internal   Switching     Leakage       Total  Percentage 
                                Power      Power         Power         Power  (%)        
-----------------------------------------------------------------------------------------
Sequential                        0.1351     0.01569   2.259e-05      0.1508       43.14
Macro                                  0           0           0           0           0
IO                                     0           0           0           0           0
Combinational                    0.03657     0.02594   0.0001016     0.06261       17.91
Clock (Combinational)            0.09008     0.04608   5.848e-06      0.1362       38.95
Clock (Sequential)                     0           0           0           0           0
-----------------------------------------------------------------------------------------
Total                             0.2618     0.08771     0.00013      0.3496         100
-----------------------------------------------------------------------------------------


Rail                  Voltage   Internal   Switching     Leakage       Total  Percentage 
                                Power      Power         Power         Power  (%)        
-----------------------------------------------------------------------------------------
VDD                       0.9     0.2618     0.08771     0.00013      0.3496         100


Clock                           Internal   Switching     Leakage       Total  Percentage 
                                Power      Power         Power         Power  (%)        
-----------------------------------------------------------------------------------------
clk                              0.09008     0.04608   5.848e-06      0.1362       38.95
-----------------------------------------------------------------------------------------
Total                            0.09008     0.04608   5.848e-06      0.1362       38.95
-----------------------------------------------------------------------------------------
Clock: clk
Clock Period: 0.002000 usec 
Clock Toggle Rate:  1000.0000 Mhz 
Clock Static Probability:  0.5000
  
 
 
-----------------------------------------------------------------------------------------
*	Power Distribution Summary: 
*              Highest Average Power:       CTS_ccl_a_buf_00021 (BUFX16):          0.01146
*              Highest Leakage Power:               rptr_reg[2] (DFFRX1LVT):        7.347e-07
*                Total Cap:      1.2833e-12 F
*                Total instances in design:   634
*                Total instances in design with no power:     0
*                Total instances in design with no activty:     0

*                Total Fillers and Decap:     0
-----------------------------------------------------------------------------------------
 
** INFO:  (VOLTUS_POWR-3465): There are 0 decaps and 0 fillers in the design

Ended Static Power Report Generation: (cpu=0:00:00, real=0:00:00,
mem(process/total/peak)=3262.32MB/6329.39MB/3263.81MB)

