###############################################################
#  Generated by:      Cadence Innovus 23.16-s070_1
#  OS:                Linux x86_64(Host ID vlsi5.localdomain)
#  Generated on:      Tue Mar 17 10:09:39 2026
#  Design:            sync_fifo
#  Command:           report_timing > ./reports/cts/hold_timing.rpt
###############################################################
Path 1: VIOLATED Hold Check with Pin fifo_mem_reg[3][0]/CK 
Endpoint:   fifo_mem_reg[3][0]/D (v) checked with  leading edge of 'clk'
Beginpoint: fifo_mem_reg[3][0]/Q (v) triggered by  leading edge of 'clk'
Path Groups: {clk}
Analysis View: func_ff
Other End Arrival Time          0.055
+ Hold                         -0.002
+ Phase Shift                   0.000
+ Uncertainty                   0.100
= Required Time                 0.153
  Arrival Time                  0.108
  Slack Time                   -0.046
     Clock Rise Edge                 0.000
     + Clock Network Latency (Prop)  0.055
     = Beginpoint Arrival Time       0.055
     +---------------------------------------------------------------------------+ 
     |      Instance      |     Arc     |   Cell    | Delay | Arrival | Required | 
     |                    |             |           |       |  Time   |   Time   | 
     |--------------------+-------------+-----------+-------+---------+----------| 
     | fifo_mem_reg[3][0] | CK ^        |           |       |   0.055 |    0.100 | 
     | fifo_mem_reg[3][0] | CK ^ -> Q v | DFFQXLLVT | 0.032 |   0.087 |    0.133 | 
     | g5307__8428        | A v -> Y v  | MX2XLLVT  | 0.020 |   0.108 |    0.153 | 
     | fifo_mem_reg[3][0] | D v         | DFFQXLLVT | 0.000 |   0.108 |    0.153 | 
     +---------------------------------------------------------------------------+ 

