###############################################################
#  Generated by:      Cadence Innovus 23.16-s070_1
#  OS:                Linux x86_64(Host ID vlsi5.localdomain)
#  Generated on:      Tue Mar 17 10:09:51 2026
#  Design:            sync_fifo
#  Command:           report_timing > ./reports/cts/setup_timing.rpt
###############################################################
Path 1: MET Setup Check with Pin dout_reg[12]/CK 
Endpoint:   dout_reg[12]/D (v) checked with  leading edge of 'clk'
Beginpoint: rptr_reg[2]/QN (v) triggered by  leading edge of 'clk'
Path Groups: {clk}
Analysis View: func_ss
Other End Arrival Time          0.177
- Setup                         0.034
+ Phase Shift                   2.000
- Uncertainty                   0.100
= Required Time                 2.043
- Arrival Time                  1.974
= Slack Time                    0.069
     Clock Rise Edge                 0.000
     + Clock Network Latency (Prop)  0.178
     = Beginpoint Arrival Time       0.178
     +--------------------------------------------------------------------------+ 
     |    Instance    |     Arc      |    Cell     | Delay | Arrival | Required | 
     |                |              |             |       |  Time   |   Time   | 
     |----------------+--------------+-------------+-------+---------+----------| 
     | rptr_reg[2]    | CK ^         |             |       |   0.178 |    0.248 | 
     | rptr_reg[2]    | CK ^ -> QN v | DFFRX1LVT   | 0.212 |   0.391 |    0.460 | 
     | g2             | B v -> Y ^   | MXI2XLLVT   | 0.070 |   0.460 |    0.529 | 
     | g5469__5122    | C0 ^ -> Y v  | OAI221X1LVT | 0.138 |   0.598 |    0.667 | 
     | g5468__2802    | B v -> Y ^   | NOR2XLLVT   | 0.169 |   0.768 |    0.837 | 
     | g5465__3680    | AN ^ -> Y ^  | NAND2BX1LVT | 0.123 |   0.891 |    0.960 | 
     | FE_OFC22_n_267 | A ^ -> Y ^   | BUFX2LVT    | 0.132 |   1.023 |    1.092 | 
     | g5464          | A ^ -> Y v   | INVX1LVT    | 0.084 |   1.107 |    1.176 | 
     | g5461__5526    | B v -> Y ^   | NAND2X1LVT  | 0.051 |   1.158 |    1.227 | 
     | g5453__7410    | B ^ -> Y v   | NOR2X2LVT   | 0.065 |   1.223 |    1.292 | 
     | FE_OFC24_n_94  | A v -> Y ^   | INVXLLVT    | 0.061 |   1.284 |    1.353 | 
     | FE_OFC25_n_94  | A ^ -> Y v   | INVX1LVT    | 0.120 |   1.403 |    1.473 | 
     | g5388__2883    | B1 v -> Y ^  | AOI222X1LVT | 0.185 |   1.589 |    1.658 | 
     | g5268__5107    | B ^ -> Y v   | NAND2X1LVT  | 0.147 |   1.736 |    1.805 | 
     | g5116__3680    | C0 v -> Y ^  | AOI221X1LVT | 0.144 |   1.880 |    1.949 | 
     | g5076__4319    | B ^ -> Y v   | NAND2X1LVT  | 0.093 |   1.974 |    2.043 | 
     | dout_reg[12]   | D v          | DFFRHQX1LVT | 0.000 |   1.974 |    2.043 | 
     +--------------------------------------------------------------------------+ 

